==========================================
K-Means E0 Baseline Experiment
==========================================
Job ID: 270302
Node: a100-a
Partition: 
Time limit: 
==========================================
System Information:
Linux a100-a 4.18.0-513.9.1.el8_9.x86_64 #1 SMP Sat Dec 2 05:23:44 EST 2023 x86_64 x86_64 x86_64 GNU/Linux

Compiler Information:
gcc (GCC) 8.5.0 20210514 (Red Hat 8.5.0-20)
Copyright (C) 2018 Free Software Foundation, Inc.
This is free software; see the source for copying conditions.  There is NO
warranty; not even for MERCHANTABILITY or FITNESS FOR A PARTICULAR PURPOSE.


Building project...
rm -rf build
mkdir -p build
g++ -std=c++17 -O2 -Wall -Wextra -Wshadow -Wconversion -Iinclude -fno-tree-vectorize  -c src/main.cpp -o build/main.o
g++ -std=c++17 -O2 -Wall -Wextra -Wshadow -Wconversion -Iinclude -fno-tree-vectorize  -c src/kmeans.cpp -o build/kmeans.o
g++ build/main.o build/kmeans.o  -lstdc++fs -o build/kmeans
Build completed successfully!

Running E0 baseline experiment...
This will generate:
  - Timing data (3 warm-up + 5 measurement runs)
  - Convergence analysis
  - System information capture
  - Profiling data (if available)

=== COSC3500 M1 K-Means Experiment E0 ===
Running experiments and profiling on Linux...
Available profiling tools: gprof, perf, valgrind/cachegrind

[0;34m[INFO][0m Building project for TIMINGS...
rm -rf build
mkdir -p build
g++ -std=c++17 -O2 -Wall -Wextra -Wshadow -Wconversion -Iinclude -fno-tree-vectorize  -c src/main.cpp -o build/main.o
g++ -std=c++17 -O2 -Wall -Wextra -Wshadow -Wconversion -Iinclude -fno-tree-vectorize  -c src/kmeans.cpp -o build/kmeans.o
g++ build/main.o build/kmeans.o  -lstdc++fs -o build/kmeans
[0;32m[SUCCESS][0m Build complete
[0;34m[INFO][0m Creating benchmark directory structure...
[0;34m[INFO][0m Capturing system information...
=== System info ===
Sat Sep  6 14:09:10 AEST 2025
Compiler: g++ (GCC) 8.5.0 20210514 (Red Hat 8.5.0-20)
Makefile CXXFLAGS_BASE: -std=c++17 -O2 -Wall -Wextra -Wshadow -Wconversion -Iinclude
Makefile ANTIVEC_FLAGS: 
Environment CXX: g++
Environment CXXFLAGS: not set
Environment ANTIVEC: 1
Environment DEFS: not set
Git SHA: 65fdfe6
Git branch: main
Git status: 36 files modified
System: Linux a100-a 4.18.0-513.9.1.el8_9.x86_64 #1 SMP Sat Dec 2 05:23:44 EST 2023 x86_64 x86_64 x86_64 GNU/Linux
Architecture:        x86_64
CPU op-mode(s):      32-bit, 64-bit
Byte Order:          Little Endian
CPU(s):              8
On-line CPU(s) list: 0-7
Thread(s) per core:  1
Core(s) per socket:  8
Socket(s):           1
NUMA node(s):        1
Vendor ID:           AuthenticAMD
CPU family:          23
Model:               0
Model name:          AMD EPYC 7542 32-Core Processor
Stepping:            0
CPU MHz:             2894.561
BogoMIPS:            5789.12
Hypervisor vendor:   VMware
Virtualization type: full
L1d cache:           32K
L1i cache:           32K
              total        used        free      shared  buff/cache   available
Mem:           62Gi       923Mi        10Gi       1.0Gi        51Gi        59Gi
Swap:         5.0Gi        14Mi       5.0Gi
[0;34m[INFO][0m Capturing Slurm node information...
[0;32m[SUCCESS][0m Slurm node info captured
[0;32m[SUCCESS][0m System info captured
[0;34m[INFO][0m Running canonical config: N=200000, D=16, K=8, iters=10, seed=1
[0;34m[INFO][0m Running 3 warm-up + 5 measurement runs for statistical significance...
[0;34m[INFO][0m Warm-up run 1/3
[0;34m[INFO][0m Warm-up run 2/3
[0;34m[INFO][0m Warm-up run 3/3
[0;34m[INFO][0m Measurement run 1/5
Final inertia: 7984073.996076
Time split: assign=89.387070%, update=10.612930%
[0;34m[INFO][0m Measurement run 2/5
Final inertia: 7984073.996076
Time split: assign=89.345007%, update=10.654993%
[0;34m[INFO][0m Measurement run 3/5
Final inertia: 7984073.996076
Time split: assign=89.202462%, update=10.797538%
[0;34m[INFO][0m Measurement run 4/5
Final inertia: 7984073.996076
Time split: assign=89.278350%, update=10.721650%
[0;34m[INFO][0m Measurement run 5/5
Final inertia: 7984073.996076
Time split: assign=89.357675%, update=10.642325%
[0;32m[SUCCESS][0m Canonical config complete (5 measurement runs)
[0;34m[INFO][0m Running stress config: N=100000, D=64, K=64, iters=10, seed=1
[0;34m[INFO][0m Running 3 warm-up + 5 measurement runs for statistical significance...
[0;34m[INFO][0m Warm-up run 1/3
[0;34m[INFO][0m Warm-up run 2/3
[0;34m[INFO][0m Warm-up run 3/3
[0;34m[INFO][0m Measurement run 1/5
Warning: centroid 14 has no assigned points
Final inertia: 16505107.138741
Time split: assign=98.430371%, update=1.569629%
[0;34m[INFO][0m Measurement run 2/5
Warning: centroid 14 has no assigned points
Final inertia: 16505107.138741
Time split: assign=98.498148%, update=1.501852%
[0;34m[INFO][0m Measurement run 3/5
Warning: centroid 14 has no assigned points
Final inertia: 16505107.138741
Time split: assign=98.435767%, update=1.564233%
[0;34m[INFO][0m Measurement run 4/5
Warning: centroid 14 has no assigned points
Final inertia: 16505107.138741
Time split: assign=98.458994%, update=1.541006%
[0;34m[INFO][0m Measurement run 5/5
Warning: centroid 14 has no assigned points
Final inertia: 16505107.138741
Time split: assign=98.359076%, update=1.640924%
[0;32m[SUCCESS][0m Stress config complete (5 measurement runs)
[0;34m[INFO][0m Running profiling on stress config...
[0;34m[INFO][0m Using gprof for profiling (Linux)...
rm -rf build
mkdir -p build
g++ -std=c++17 -O2 -Wall -Wextra -Wshadow -Wconversion -Iinclude -fno-tree-vectorize -pg  -c src/main.cpp -o build/main.o
g++ -std=c++17 -O2 -Wall -Wextra -Wshadow -Wconversion -Iinclude -fno-tree-vectorize -pg  -c src/kmeans.cpp -o build/kmeans.o
g++ build/main.o build/kmeans.o -pg -lstdc++fs -o build/kmeans
[0;32m[SUCCESS][0m gprof profile saved to bench/e0/gprof_e0.txt
[1;33m[WARNING][0m valgrind not available, skipping cachegrind profiling
[0;34m[INFO][0m Note: Install valgrind for cache behavior analysis (recommended for Linux HPC)
[0;34m[INFO][0m Capturing system information (Linux)...
[0;32m[SUCCESS][0m System info saved to bench/e0/system_info.txt
rm -rf build
mkdir -p build
g++ -std=c++17 -O2 -Wall -Wextra -Wshadow -Wconversion -Iinclude -fno-tree-vectorize  -c src/main.cpp -o build/main.o
g++ -std=c++17 -O2 -Wall -Wextra -Wshadow -Wconversion -Iinclude -fno-tree-vectorize  -c src/kmeans.cpp -o build/kmeans.o
g++ build/main.o build/kmeans.o  -lstdc++fs -o build/kmeans

=== Experiment E0 Complete ===
Results saved in bench/e0/

Files generated:
total 506
drwx------ 2 s4698382 uusers    56 Sep  6 14:09 .
drwx------ 3 s4698382 uusers     4 Sep  6 14:09 ..
-rw------- 1 s4698382 uusers 26643 Sep  6 14:09 gprof_e0.txt
-rw------- 1 s4698382 uusers   349 Sep  6 14:09 inertia_N100000_D64_K64_iters10_seed1_run1.csv
-rw------- 1 s4698382 uusers   349 Sep  6 14:09 inertia_N100000_D64_K64_iters10_seed1_run2.csv
-rw------- 1 s4698382 uusers   349 Sep  6 14:09 inertia_N100000_D64_K64_iters10_seed1_run3.csv
-rw------- 1 s4698382 uusers   349 Sep  6 14:09 inertia_N100000_D64_K64_iters10_seed1_run4.csv
-rw------- 1 s4698382 uusers   349 Sep  6 14:09 inertia_N100000_D64_K64_iters10_seed1_run5.csv
-rw------- 1 s4698382 uusers   349 Sep  6 14:09 inertia_N100000_D64_K64_iters10_seed1_run6.csv
-rw------- 1 s4698382 uusers   349 Sep  6 14:09 inertia_N100000_D64_K64_iters10_seed1_run7.csv
-rw------- 1 s4698382 uusers   349 Sep  6 14:09 inertia_N100000_D64_K64_iters10_seed1_run8.csv
-rw------- 1 s4698382 uusers   184 Sep  6 14:09 inertia_N100000_D64_K64_iters5_seed1.csv
-rw------- 1 s4698382 uusers   339 Sep  6 14:09 inertia_N200000_D16_K8_iters10_seed1_run1.csv
-rw------- 1 s4698382 uusers   339 Sep  6 14:09 inertia_N200000_D16_K8_iters10_seed1_run2.csv
-rw------- 1 s4698382 uusers   339 Sep  6 14:09 inertia_N200000_D16_K8_iters10_seed1_run3.csv
-rw------- 1 s4698382 uusers   339 Sep  6 14:09 inertia_N200000_D16_K8_iters10_seed1_run4.csv
-rw------- 1 s4698382 uusers   339 Sep  6 14:09 inertia_N200000_D16_K8_iters10_seed1_run5.csv
-rw------- 1 s4698382 uusers   339 Sep  6 14:09 inertia_N200000_D16_K8_iters10_seed1_run6.csv
-rw------- 1 s4698382 uusers   339 Sep  6 14:09 inertia_N200000_D16_K8_iters10_seed1_run7.csv
-rw------- 1 s4698382 uusers   339 Sep  6 14:09 inertia_N200000_D16_K8_iters10_seed1_run8.csv
-rw------- 1 s4698382 uusers   218 Sep  6 14:09 meta_N100000_D64_K64_iters10_seed1_run1.txt
-rw------- 1 s4698382 uusers   218 Sep  6 14:09 meta_N100000_D64_K64_iters10_seed1_run2.txt
-rw------- 1 s4698382 uusers   218 Sep  6 14:09 meta_N100000_D64_K64_iters10_seed1_run3.txt
-rw------- 1 s4698382 uusers   218 Sep  6 14:09 meta_N100000_D64_K64_iters10_seed1_run4.txt
-rw------- 1 s4698382 uusers   218 Sep  6 14:09 meta_N100000_D64_K64_iters10_seed1_run5.txt
-rw------- 1 s4698382 uusers   218 Sep  6 14:09 meta_N100000_D64_K64_iters10_seed1_run6.txt
-rw------- 1 s4698382 uusers   218 Sep  6 14:09 meta_N100000_D64_K64_iters10_seed1_run7.txt
-rw------- 1 s4698382 uusers   218 Sep  6 14:09 meta_N100000_D64_K64_iters10_seed1_run8.txt
-rw------- 1 s4698382 uusers   217 Sep  6 14:09 meta_N100000_D64_K64_iters5_seed1.txt
-rw------- 1 s4698382 uusers   217 Sep  6 14:09 meta_N200000_D16_K8_iters10_seed1_run1.txt
-rw------- 1 s4698382 uusers   217 Sep  6 14:09 meta_N200000_D16_K8_iters10_seed1_run2.txt
-rw------- 1 s4698382 uusers   217 Sep  6 14:09 meta_N200000_D16_K8_iters10_seed1_run3.txt
-rw------- 1 s4698382 uusers   217 Sep  6 14:09 meta_N200000_D16_K8_iters10_seed1_run4.txt
-rw------- 1 s4698382 uusers   217 Sep  6 14:09 meta_N200000_D16_K8_iters10_seed1_run5.txt
-rw------- 1 s4698382 uusers   217 Sep  6 14:09 meta_N200000_D16_K8_iters10_seed1_run6.txt
-rw------- 1 s4698382 uusers   217 Sep  6 14:09 meta_N200000_D16_K8_iters10_seed1_run7.txt
-rw------- 1 s4698382 uusers   217 Sep  6 14:09 meta_N200000_D16_K8_iters10_seed1_run8.txt
-rw------- 1 s4698382 uusers  1401 Sep  6 14:09 sysinfo_e0.txt
-rw------- 1 s4698382 uusers  1200 Sep  6 14:09 system_info.txt
-rw------- 1 s4698382 uusers   291 Sep  6 14:09 times_N100000_D64_K64_iters10_seed1_run1.csv
-rw------- 1 s4698382 uusers   292 Sep  6 14:09 times_N100000_D64_K64_iters10_seed1_run2.csv
-rw------- 1 s4698382 uusers   291 Sep  6 14:09 times_N100000_D64_K64_iters10_seed1_run3.csv
-rw------- 1 s4698382 uusers   290 Sep  6 14:09 times_N100000_D64_K64_iters10_seed1_run4.csv
-rw------- 1 s4698382 uusers   292 Sep  6 14:09 times_N100000_D64_K64_iters10_seed1_run5.csv
-rw------- 1 s4698382 uusers   291 Sep  6 14:09 times_N100000_D64_K64_iters10_seed1_run6.csv
-rw------- 1 s4698382 uusers   291 Sep  6 14:09 times_N100000_D64_K64_iters10_seed1_run7.csv
-rw------- 1 s4698382 uusers   292 Sep  6 14:09 times_N100000_D64_K64_iters10_seed1_run8.csv
-rw------- 1 s4698382 uusers   161 Sep  6 14:09 times_N100000_D64_K64_iters5_seed1.csv
-rw------- 1 s4698382 uusers   291 Sep  6 14:09 times_N200000_D16_K8_iters10_seed1_run1.csv
-rw------- 1 s4698382 uusers   290 Sep  6 14:09 times_N200000_D16_K8_iters10_seed1_run2.csv
-rw------- 1 s4698382 uusers   291 Sep  6 14:09 times_N200000_D16_K8_iters10_seed1_run3.csv
-rw------- 1 s4698382 uusers   291 Sep  6 14:09 times_N200000_D16_K8_iters10_seed1_run4.csv
-rw------- 1 s4698382 uusers   289 Sep  6 14:09 times_N200000_D16_K8_iters10_seed1_run5.csv
-rw------- 1 s4698382 uusers   291 Sep  6 14:09 times_N200000_D16_K8_iters10_seed1_run6.csv
-rw------- 1 s4698382 uusers   292 Sep  6 14:09 times_N200000_D16_K8_iters10_seed1_run7.csv
-rw------- 1 s4698382 uusers   290 Sep  6 14:09 times_N200000_D16_K8_iters10_seed1_run8.csv

Key improvements in this run:
  ✓ 3 warm-up + 5 measurement runs for statistical significance
  ✓ Normalized cache statistics (misses per operation)
  ✓ Slurm node pinning information captured
  ✓ Build definitions: 

Next steps:
1. Review baseline results in bench/e0/
2. Proceed to E1 optimization experiments
3. Use same configs for comparison

==========================================
E0 Experiment completed successfully!
==========================================
Generated files in bench/e0/:
57
files generated

File structure:
bench/e0/gprof_e0.txt
bench/e0/inertia_N100000_D64_K64_iters10_seed1_run8.csv
bench/e0/inertia_N100000_D64_K64_iters10_seed1_run1.csv
bench/e0/inertia_N100000_D64_K64_iters5_seed1.csv
bench/e0/inertia_N100000_D64_K64_iters10_seed1_run6.csv
bench/e0/inertia_N200000_D16_K8_iters10_seed1_run6.csv
bench/e0/times_N200000_D16_K8_iters10_seed1_run1.csv
bench/e0/times_N200000_D16_K8_iters10_seed1_run6.csv
bench/e0/inertia_N200000_D16_K8_iters10_seed1_run1.csv
bench/e0/times_N200000_D16_K8_iters10_seed1_run8.csv
bench/e0/inertia_N200000_D16_K8_iters10_seed1_run8.csv
bench/e0/meta_N100000_D64_K64_iters10_seed1_run7.txt
bench/e0/meta_N200000_D16_K8_iters10_seed1_run2.txt
bench/e0/meta_N200000_D16_K8_iters10_seed1_run5.txt
bench/e0/times_N100000_D64_K64_iters5_seed1.csv
bench/e0/meta_N100000_D64_K64_iters5_seed1.txt
bench/e0/times_N100000_D64_K64_iters10_seed1_run5.csv
bench/e0/times_N100000_D64_K64_iters10_seed1_run2.csv
bench/e0/inertia_N100000_D64_K64_iters10_seed1_run7.csv
bench/e0/meta_N100000_D64_K64_iters10_seed1_run8.txt

Key output files:
✅ System information captured
✅ Canonical config timing data
✅ Stress config timing data

Experiment results are ready for analysis!
Next steps:
  1. Generate plots: python scripts/analyze_experiment.py 0
  2. Review summary: cat bench/e0/summary_e0.md
  3. Check plots: ls -la plots/

Job completed at: Sat Sep  6 14:09:46 AEST 2025
